<?xml version="1.0" encoding="UTF-8"?>
<!-- Generated by org.testng.reporters.JUnitXMLReporter -->
<testsuite ignored="0" hostname="Rev-PG02C4SM" failures="0" tests="3" name="Test" time="3.212" errors="0" timestamp="2024-06-02T05:50:08 IST">
  <testcase classname="Testcases.Testcase01" name="Testcase01" time="0.009"/>
  <testcase classname="Testcases.Testcase01" name="Testcase01" time="0.001"/>
  <testcase classname="Testcases.Testcase01" name="Testcase01" time="0.001"/>
</testsuite> <!-- Test -->
