<?xml version="1.0" encoding="UTF-8"?>
<testng-results ignored="0" total="1" passed="1" failed="0" skipped="0">
  <reporter-output>
  </reporter-output>
  <suite started-at="2024-06-03T08:47:01 IST" name="Default suite" finished-at="2024-06-03T08:47:11 IST" duration-ms="9370">
    <groups>
    </groups>
    <test started-at="2024-06-03T08:47:01 IST" name="Default test" finished-at="2024-06-03T08:47:11 IST" duration-ms="9370">
      <class name="Testcases.Testcase01">
        <test-method is-config="true" signature="setupWebDriver()[pri:0, instance:Testcases.Testcase01@273444fe]" started-at="2024-06-03T08:46:58 IST" name="setupWebDriver" finished-at="2024-06-03T08:47:01 IST" duration-ms="3433" status="PASS">
          <reporter-output>
          </reporter-output>
        </test-method> <!-- setupWebDriver -->
        <test-method is-config="true" signature="getWait()[pri:0, instance:Testcases.Testcase01@273444fe]" started-at="2024-06-03T08:47:01 IST" name="getWait" finished-at="2024-06-03T08:47:01 IST" duration-ms="7" status="PASS">
          <reporter-output>
          </reporter-output>
        </test-method> <!-- getWait -->
        <test-method is-config="true" signature="extendReport()[pri:0, instance:Testcases.Testcase01@273444fe]" started-at="2024-06-03T08:47:01 IST" name="extendReport" finished-at="2024-06-03T08:47:02 IST" duration-ms="300" status="PASS">
          <reporter-output>
          </reporter-output>
        </test-method> <!-- extendReport -->
        <test-method is-config="true" signature="launchURL()[pri:0, instance:Testcases.Testcase01@273444fe]" started-at="2024-06-03T08:47:03 IST" name="launchURL" finished-at="2024-06-03T08:47:07 IST" duration-ms="3715" status="PASS">
          <reporter-output>
          </reporter-output>
        </test-method> <!-- launchURL -->
        <test-method signature="Sheet1(java.lang.String,java.lang.String)[pri:0, instance:Testcases.Testcase01@273444fe]" started-at="2024-06-03T08:47:07 IST" name="Sheet1" data-provider="getdata" finished-at="2024-06-03T08:47:11 IST" duration-ms="4048" status="PASS">
          <params>
            <param index="0">
              <value>
                <![CDATA[ravi1@gmail.com]]>
              </value>
            </param>
            <param index="1">
              <value>
                <![CDATA[Pass123$]]>
              </value>
            </param>
          </params>
          <reporter-output>
          </reporter-output>
        </test-method> <!-- Sheet1 -->
        <test-method is-config="true" signature="generateReport()[pri:0, instance:Testcases.Testcase01@273444fe]" started-at="2024-06-03T08:47:11 IST" name="generateReport" finished-at="2024-06-03T08:47:11 IST" duration-ms="642" status="PASS">
          <reporter-output>
          </reporter-output>
        </test-method> <!-- generateReport -->
      </class> <!-- Testcases.Testcase01 -->
    </test> <!-- Default test -->
  </suite> <!-- Default suite -->
</testng-results>
